<?xml version="1.0" encoding="UTF-8"?>
<testng-results ignored="0" total="1" passed="1" failed="0" skipped="0">
  <reporter-output>
    <line>
      <![CDATA[createCustomer]]>
    </line>
  </reporter-output>
  <suite started-at="2023-02-10T12:15:01 IST" name="Default suite" finished-at="2023-02-10T12:15:01 IST" duration-ms="42">
    <groups>
    </groups>
    <test started-at="2023-02-10T12:15:01 IST" name="Default test" finished-at="2023-02-10T12:15:01 IST" duration-ms="42">
      <class name="com.actitime.testscripts.CustomerModule">
        <test-method signature="createCustomer()[pri:0, instance:com.actitime.testscripts.CustomerModule@bef2d72]" started-at="2023-02-10T12:15:01 IST" name="createCustomer" finished-at="2023-02-10T12:15:01 IST" duration-ms="10" status="PASS">
          <reporter-output>
            <line>
              <![CDATA[createCustomer]]>
            </line>
          </reporter-output>
        </test-method> <!-- createCustomer -->
      </class> <!-- com.actitime.testscripts.CustomerModule -->
    </test> <!-- Default test -->
  </suite> <!-- Default suite -->
</testng-results>
